<?xml version="1.0" encoding="UTF-8"?>
<testng-results ignored="0" total="1" passed="1" failed="0" skipped="0">
  <reporter-output>
  </reporter-output>
  <suite started-at="2022-01-15T14:58:12 ICT" name="Default suite" finished-at="2022-01-15T14:58:33 ICT" duration-ms="21559">
    <groups>
    </groups>
    <test started-at="2022-01-15T14:58:12 ICT" name="Default test" finished-at="2022-01-15T14:58:33 ICT" duration-ms="21559">
      <class name="demo.Test1">
        <test-method is-config="true" signature="setUp()[pri:0, instance:demo.Test1@6fd83fc1]" started-at="2022-01-15T14:58:12 ICT" name="setUp" finished-at="2022-01-15T14:58:14 ICT" duration-ms="2556" status="PASS">
          <reporter-output>
          </reporter-output>
        </test-method> <!-- setUp -->
        <test-method signature="testUntitledTestCase()[pri:0, instance:demo.Test1@6fd83fc1]" started-at="2022-01-15T14:58:15 ICT" name="testUntitledTestCase" finished-at="2022-01-15T14:58:33 ICT" duration-ms="18805" status="PASS">
          <reporter-output>
          </reporter-output>
        </test-method> <!-- testUntitledTestCase -->
        <test-method is-config="true" signature="tearDown()[pri:0, instance:demo.Test1@6fd83fc1]" started-at="2022-01-15T14:58:33 ICT" name="tearDown" finished-at="2022-01-15T14:58:33 ICT" duration-ms="167" status="PASS">
          <reporter-output>
          </reporter-output>
        </test-method> <!-- tearDown -->
      </class> <!-- demo.Test1 -->
    </test> <!-- Default test -->
  </suite> <!-- Default suite -->
</testng-results>
